<?xml version="1.0" encoding="UTF-8"?>
<!-- Generated by org.testng.reporters.JUnitReportReporter -->
<testsuite hostname="LAPTOP-72CUNM1J" failures="0" tests="3" name="listeners.testNGListenerDemo2" time="0.010" errors="0" timestamp="2022-03-04T11:00:39 IST" skipped="1">
  <testcase classname="listeners.testNGListenerDemo2" name="test4" time="0.003"/>
  <system-out/>
  <testcase classname="listeners.testNGListenerDemo2" name="test6" time="0.002">
    <skipped/>
  </testcase> <!-- test6 -->
  <system-out/>
  <testcase classname="listeners.testNGListenerDemo2" name="test5" time="0.005"/>
  <system-out/>
</testsuite> <!-- listeners.testNGListenerDemo2 -->
