<?xml version="1.0" encoding="UTF-8"?>
<!-- Generated by org.testng.reporters.JUnitReportReporter -->
<testsuite hostname="LAPTOP-72CUNM1J" failures="0" tests="1" name="ExtentReportListener.Extent_Report" time="0.677" errors="0" timestamp="2022-02-22T12:53:44 IST" skipped="0">
  <testcase classname="ExtentReportListener.Extent_Report" name="loginTest" time="0.677"/>
  <system-out/>
</testsuite> <!-- ExtentReportListener.Extent_Report -->
